This file contains any messages produced by compilers while
running configure, to aid debugging if configure makes a mistake.

It was created by Daimonin SDL Client configure 0.9.7, which was
generated by GNU Autoconf 2.61.  Invocation command line was

  $ ./configure 

## --------- ##
## Platform. ##
## --------- ##

hostname = linux-bzny
uname -m = i686
uname -r = 2.6.22.13-0.3-bigsmp
uname -s = Linux
uname -v = #1 SMP 2007/11/19 15:02:58 UTC

/usr/bin/uname -p = unknown
/bin/uname -X     = unknown

/bin/arch              = i686
/usr/bin/arch -k       = unknown
/usr/convex/getsysinfo = unknown
/usr/bin/hostinfo      = unknown
/bin/machine           = unknown
/usr/bin/oslevel       = unknown
/bin/universe          = unknown

PATH: /opt/kde3/bin
PATH: /home/michtoen/bin
PATH: /usr/local/bin
PATH: /usr/bin
PATH: /bin
PATH: /usr/bin/X11
PATH: /usr/X11R6/bin
PATH: /usr/games
PATH: /usr/lib/mit/bin
PATH: /usr/lib/mit/sbin


## ----------- ##
## Core tests. ##
## ----------- ##

configure:1809: checking build system type
configure:1827: result: i686-pc-linux-gnu
configure:1849: checking host system type
configure:1864: result: i686-pc-linux-gnu
configure:1886: checking target system type
configure:1901: result: i686-pc-linux-gnu
configure:1944: checking for a BSD-compatible install
configure:2000: result: /usr/bin/install -c
configure:2011: checking whether build environment is sane
configure:2054: result: yes
configure:2082: checking for a thread-safe mkdir -p
configure:2121: result: /bin/mkdir -p
configure:2134: checking for gawk
configure:2150: found /usr/bin/gawk
configure:2161: result: gawk
configure:2172: checking whether make sets $(MAKE)
configure:2193: result: yes
configure:2385: checking whether to enable maintainer-specific portions of Makefiles
configure:2394: result: no
configure:2458: checking for gcc
configure:2474: found /usr/bin/gcc
configure:2485: result: gcc
configure:2723: checking for C compiler version
configure:2730: gcc --version >&5
gcc (GCC) 4.2.1 (SUSE Linux)
Copyright (C) 2007 Free Software Foundation, Inc.
This is free software; see the source for copying conditions.  There is NO
warranty; not even for MERCHANTABILITY or FITNESS FOR A PARTICULAR PURPOSE.

configure:2733: $? = 0
configure:2740: gcc -v >&5
Using built-in specs.
Target: i586-suse-linux
Configured with: ../configure --enable-threads=posix --prefix=/usr --with-local-prefix=/usr/local --infodir=/usr/share/info --mandir=/usr/share/man --libdir=/usr/lib --libexecdir=/usr/lib --enable-languages=c,c++,objc,fortran,obj-c++,java,ada --enable-checking=release --with-gxx-include-dir=/usr/include/c++/4.2.1 --enable-ssp --disable-libssp --disable-libgcj --with-slibdir=/lib --with-system-zlib --enable-shared --enable-__cxa_atexit --enable-libstdcxx-allocator=new --disable-libstdcxx-pch --program-suffix=-4.2 --enable-version-specific-runtime-libs --without-system-libunwind --with-cpu=generic --host=i586-suse-linux
Thread model: posix
gcc version 4.2.1 (SUSE Linux)
configure:2743: $? = 0
configure:2750: gcc -V >&5
gcc: '-V' option must have argument
configure:2753: $? = 1
configure:2776: checking for C compiler default output file name
configure:2803: gcc    conftest.c  >&5
configure:2806: $? = 0
configure:2844: result: a.out
configure:2861: checking whether the C compiler works
configure:2871: ./a.out
configure:2874: $? = 0
configure:2891: result: yes
configure:2898: checking whether we are cross compiling
configure:2900: result: no
configure:2903: checking for suffix of executables
configure:2910: gcc -o conftest    conftest.c  >&5
configure:2913: $? = 0
configure:2937: result: 
configure:2943: checking for suffix of object files
configure:2969: gcc -c   conftest.c >&5
configure:2972: $? = 0
configure:2995: result: o
configure:2999: checking whether we are using the GNU C compiler
configure:3028: gcc -c   conftest.c >&5
configure:3034: $? = 0
configure:3051: result: yes
configure:3056: checking whether gcc accepts -g
configure:3086: gcc -c -g  conftest.c >&5
configure:3092: $? = 0
configure:3191: result: yes
configure:3208: checking for gcc option to accept ISO C89
configure:3282: gcc  -c -g -O2  conftest.c >&5
configure:3288: $? = 0
configure:3311: result: none needed
configure:3340: checking for style of include used by make
configure:3368: result: GNU
configure:3393: checking dependency style of gcc
configure:3484: result: gcc3
configure:3500: checking whether gcc and cc understand -c and -o together
configure:3535: gcc -c conftest.c -o conftest2.o >&5
configure:3538: $? = 0
configure:3544: gcc -c conftest.c -o conftest2.o >&5
configure:3547: $? = 0
configure:3558: cc -c conftest.c >&5
configure:3561: $? = 0
configure:3569: cc -c conftest.c -o conftest2.o >&5
configure:3572: $? = 0
configure:3578: cc -c conftest.c -o conftest2.o >&5
configure:3581: $? = 0
configure:3599: result: yes
configure:3625: checking whether make sets $(MAKE)
configure:3646: result: yes
configure:3668: checking for a BSD-compatible install
configure:3724: result: /usr/bin/install -c
configure:3986: checking for cp
configure:4004: found /bin/cp
configure:4016: result: /bin/cp
configure:4026: checking for rm
configure:4044: found /bin/rm
configure:4056: result: /bin/rm
configure:4066: checking for rmdir
configure:4084: found /bin/rmdir
configure:4096: result: /bin/rmdir
configure:4106: checking for mkdir
configure:4124: found /bin/mkdir
configure:4136: result: /bin/mkdir
configure:4153: checking for sdl-config
configure:4171: found /usr/bin/sdl-config
configure:4183: result: /usr/bin/sdl-config
configure:4217: checking for IMG_Load in -lSDL_image
configure:4252: gcc -o conftest -g -O2  -DSYSPATH="\"./\""  conftest.c -lSDL_image   -L/usr/lib -lSDL -lpthread  >&5
configure:4258: $? = 0
configure:4276: result: yes
configure:4290: checking for Mix_OpenAudio in -lSDL_mixer
configure:4325: gcc -o conftest -g -O2  -DSYSPATH="\"./\""  conftest.c -lSDL_mixer   -L/usr/lib -lSDL -lpthread  >&5
configure:4331: $? = 0
configure:4349: result: yes
configure:4363: checking for PHYSFS_init in -lphysfs
configure:4398: gcc -o conftest -g -O2  -DSYSPATH="\"./\""  conftest.c -lphysfs   -L/usr/lib -lSDL -lpthread  >&5
configure:4404: $? = 0
configure:4422: result: yes
configure:4433: checking for curl_global_init in -lcurl
configure:4468: gcc -o conftest -g -O2  -DSYSPATH="\"./\""  conftest.c -lcurl -lcurl  -L/usr/lib -lSDL -lpthread  >&5
/usr/lib/gcc/i586-suse-linux/4.2.1/../../../../i586-suse-linux/bin/ld: cannot find -lcurl
collect2: ld returned 1 exit status
configure:4474: $? = 1
configure: failed program was:
| /* confdefs.h.  */
| #define PACKAGE_NAME "Daimonin SDL Client"
| #define PACKAGE_TARNAME "daimonin-sdl-client"
| #define PACKAGE_VERSION "0.9.7"
| #define PACKAGE_STRING "Daimonin SDL Client 0.9.7"
| #define PACKAGE_BUGREPORT "http://www.daimonin.net"
| #define PACKAGE "daimonin"
| #define VERSION "0.9.7"
| #define INSTALL_SOUND 1
| #define __LINUX 1
| /* end confdefs.h.  */
| 
| /* Override any GCC internal prototype to avoid an error.
|    Use char because int might match the return type of a GCC
|    builtin and then its argument prototype would still apply.  */
| #ifdef __cplusplus
| extern "C"
| #endif
| char curl_global_init ();
| int
| main ()
| {
| return curl_global_init ();
|   ;
|   return 0;
| }
configure:4492: result: no
configure:4503: error: "Cannot build. Stop."

## ---------------- ##
## Cache variables. ##
## ---------------- ##

ac_cv_build=i686-pc-linux-gnu
ac_cv_c_compiler_gnu=yes
ac_cv_env_CC_set=
ac_cv_env_CC_value=
ac_cv_env_CFLAGS_set=
ac_cv_env_CFLAGS_value=
ac_cv_env_CPPFLAGS_set=
ac_cv_env_CPPFLAGS_value=
ac_cv_env_CPP_set=
ac_cv_env_CPP_value=
ac_cv_env_LDFLAGS_set=
ac_cv_env_LDFLAGS_value=
ac_cv_env_LIBS_set=
ac_cv_env_LIBS_value=
ac_cv_env_build_alias_set=
ac_cv_env_build_alias_value=
ac_cv_env_host_alias_set=
ac_cv_env_host_alias_value=
ac_cv_env_target_alias_set=
ac_cv_env_target_alias_value=
ac_cv_host=i686-pc-linux-gnu
ac_cv_lib_SDL_image_IMG_Load=yes
ac_cv_lib_SDL_mixer_Mix_OpenAudio=yes
ac_cv_lib_curl_curl_global_init=no
ac_cv_lib_physfs_PHYSFS_init=yes
ac_cv_objext=o
ac_cv_path_CP=/bin/cp
ac_cv_path_MKDIR=/bin/mkdir
ac_cv_path_RM=/bin/rm
ac_cv_path_RMDIR=/bin/rmdir
ac_cv_path_SDL_CONFIG=/usr/bin/sdl-config
ac_cv_path_install='/usr/bin/install -c'
ac_cv_path_mkdir=/bin/mkdir
ac_cv_prog_AWK=gawk
ac_cv_prog_ac_ct_CC=gcc
ac_cv_prog_cc_c89=
ac_cv_prog_cc_g=yes
ac_cv_prog_cc_gcc_c_o=yes
ac_cv_prog_make_make_set=yes
ac_cv_target=i686-pc-linux-gnu
am_cv_CC_dependencies_compiler_type=gcc3

## ----------------- ##
## Output variables. ##
## ----------------- ##

ACLOCAL='${SHELL} /home/michtoen/client/make/linux/make_utils/missing --run aclocal-1.10'
AMDEPBACKSLASH='\'
AMDEP_FALSE='#'
AMDEP_TRUE=''
AMTAR='${SHELL} /home/michtoen/client/make/linux/make_utils/missing --run tar'
AUTOCONF='${SHELL} /home/michtoen/client/make/linux/make_utils/missing --run autoconf'
AUTOHEADER='${SHELL} /home/michtoen/client/make/linux/make_utils/missing --run autoheader'
AUTOMAKE='${SHELL} /home/michtoen/client/make/linux/make_utils/missing --run automake-1.10'
AWK='gawk'
CC='gcc'
CCDEPMODE='depmode=gcc3'
CFLAGS='-g -O2'
CP='/bin/cp'
CPP=''
CPPFLAGS=' -DSYSPATH="\"./\""'
CURL_LIBS=''
CYGPATH_W='echo'
DEFS=''
DEPDIR='.deps'
ECHO_C=''
ECHO_N='-n'
ECHO_T=''
EGREP=''
EXEEXT=''
EXTRA_LIBS=''
GREP=''
INSTALL_DATA='${INSTALL} -m 644'
INSTALL_PROGRAM='${INSTALL}'
INSTALL_SCRIPT='${INSTALL}'
INSTALL_STRIP_PROGRAM='$(install_sh) -c -s'
LDFLAGS=''
LIBOBJS=''
LIBS=' -L/usr/lib -lSDL -lpthread '
LTLIBOBJS=''
MAINT='#'
MAINTAINER_MODE_FALSE=''
MAINTAINER_MODE_TRUE='#'
MAKEINFO='${SHELL} /home/michtoen/client/make/linux/make_utils/missing --run makeinfo'
MKDIR='/bin/mkdir'
OBJEXT='o'
PACKAGE='daimonin'
PACKAGE_BUGREPORT='http://www.daimonin.net'
PACKAGE_NAME='Daimonin SDL Client'
PACKAGE_STRING='Daimonin SDL Client 0.9.7'
PACKAGE_TARNAME='daimonin-sdl-client'
PACKAGE_VERSION='0.9.7'
PATH_SEPARATOR=':'
PHYSFS_LIBS='-lphysfs'
RM='/bin/rm'
RMDIR='/bin/rmdir'
SDL_CFLAGS=''
SDL_CONFIG='/usr/bin/sdl-config'
SDL_IMAGE_LIBS='-lSDL_image '
SDL_LIBS='-L/usr/lib -lSDL -lpthread'
SDL_MIXER_LIBS='-lSDL_mixer'
SET_MAKE=''
SHELL='/bin/sh'
STRIP=''
VERSION='0.9.7'
ac_ct_CC='gcc'
am__fastdepCC_FALSE='#'
am__fastdepCC_TRUE=''
am__include='include'
am__isrc=''
am__leading_dot='.'
am__quote=''
am__tar='${AMTAR} chof - "$$tardir"'
am__untar='${AMTAR} xf -'
bindir='${exec_prefix}/bin'
build='i686-pc-linux-gnu'
build_alias=''
build_cpu='i686'
build_os='linux-gnu'
build_vendor='pc'
d_bindir='${prefix}/daimonin-0.9.7'
d_datadir='${prefix}/daimonin-0.9.7'
datadir='${datarootdir}'
datarootdir='${prefix}/share'
docdir='${datarootdir}/doc/${PACKAGE_TARNAME}'
dvidir='${docdir}'
exec_prefix='NONE'
host='i686-pc-linux-gnu'
host_alias=''
host_cpu='i686'
host_os='linux-gnu'
host_vendor='pc'
htmldir='${docdir}'
includedir='${prefix}/include'
infodir='${datarootdir}/info'
install_sh='$(SHELL) /home/michtoen/client/make/linux/make_utils/install-sh'
libdir='${exec_prefix}/lib'
libexecdir='${exec_prefix}/libexec'
localedir='${datarootdir}/locale'
localstatedir='${prefix}/var'
mandir='${datarootdir}/man'
mkdir_p='/bin/mkdir -p'
oldincludedir='/usr/include'
pdfdir='${docdir}'
prefix='/home/michtoen'
program_transform_name='s,x,x,'
psdir='${docdir}'
sbindir='${exec_prefix}/sbin'
sharedstatedir='${prefix}/com'
sysconfdir='${prefix}/etc'
target='i686-pc-linux-gnu'
target_alias=''
target_cpu='i686'
target_os='linux-gnu'
target_vendor='pc'

## ----------- ##
## confdefs.h. ##
## ----------- ##

#define PACKAGE_NAME "Daimonin SDL Client"
#define PACKAGE_TARNAME "daimonin-sdl-client"
#define PACKAGE_VERSION "0.9.7"
#define PACKAGE_STRING "Daimonin SDL Client 0.9.7"
#define PACKAGE_BUGREPORT "http://www.daimonin.net"
#define PACKAGE "daimonin"
#define VERSION "0.9.7"
#define INSTALL_SOUND 1
#define __LINUX 1

configure: exit 1
