This file contains any messages produced by compilers while
running configure, to aid debugging if configure makes a mistake.

It was created by Daimonin SDL Client configure 0.9.7, which was
generated by GNU Autoconf 2.61.  Invocation command line was

  $ ./configure 

## --------- ##
## Platform. ##
## --------- ##

hostname = newt
uname -m = i686
uname -r = 2.6.20.4
uname -s = Linux
uname -v = #1 SMP PREEMPT Mon Apr 2 23:12:02 CEST 2007

/usr/bin/uname -p = unknown
/bin/uname -X     = unknown

/bin/arch              = i686
/usr/bin/arch -k       = unknown
/usr/convex/getsysinfo = unknown
/usr/bin/hostinfo      = unknown
/bin/machine           = unknown
/usr/bin/oslevel       = unknown
/bin/universe          = unknown

PATH: /usr/local/bin
PATH: /usr/bin
PATH: /bin
PATH: /usr/bin/X11
PATH: /usr/games
PATH: /home/gecko/bin


## ----------- ##
## Core tests. ##
## ----------- ##

configure:1809: checking build system type
configure:1827: result: i686-pc-linux-gnu
configure:1849: checking host system type
configure:1864: result: i686-pc-linux-gnu
configure:1886: checking target system type
configure:1901: result: i686-pc-linux-gnu
configure:1944: checking for a BSD-compatible install
configure:2000: result: /usr/bin/install -c
configure:2011: checking whether build environment is sane
configure:2054: result: yes
configure:2082: checking for a thread-safe mkdir -p
configure:2121: result: /bin/mkdir -p
configure:2134: checking for gawk
configure:2150: found /usr/bin/gawk
configure:2161: result: gawk
configure:2172: checking whether make sets $(MAKE)
configure:2193: result: yes
configure:2385: checking whether to enable maintainer-specific portions of Makefiles
configure:2394: result: no
configure:2458: checking for gcc
configure:2474: found /usr/bin/gcc
configure:2485: result: gcc
configure:2723: checking for C compiler version
configure:2730: gcc --version >&5
gcc (GCC) 4.1.2 20061115 (prerelease) (Debian 4.1.1-21)
Copyright (C) 2006 Free Software Foundation, Inc.
This is free software; see the source for copying conditions.  There is NO
warranty; not even for MERCHANTABILITY or FITNESS FOR A PARTICULAR PURPOSE.

configure:2733: $? = 0
configure:2740: gcc -v >&5
Using built-in specs.
Target: i486-linux-gnu
Configured with: ../src/configure -v --enable-languages=c,c++,fortran,objc,obj-c++,treelang --prefix=/usr --enable-shared --with-system-zlib --libexecdir=/usr/lib --without-included-gettext --enable-threads=posix --enable-nls --program-suffix=-4.1 --enable-__cxa_atexit --enable-clocale=gnu --enable-libstdcxx-debug --enable-mpfr --with-tune=i686 --enable-checking=release i486-linux-gnu
Thread model: posix
gcc version 4.1.2 20061115 (prerelease) (Debian 4.1.1-21)
configure:2743: $? = 0
configure:2750: gcc -V >&5
gcc: '-V' option must have argument
configure:2753: $? = 1
configure:2776: checking for C compiler default output file name
configure:2803: gcc    conftest.c  >&5
configure:2806: $? = 0
configure:2844: result: a.out
configure:2861: checking whether the C compiler works
configure:2871: ./a.out
configure:2874: $? = 0
configure:2891: result: yes
configure:2898: checking whether we are cross compiling
configure:2900: result: no
configure:2903: checking for suffix of executables
configure:2910: gcc -o conftest    conftest.c  >&5
configure:2913: $? = 0
configure:2937: result: 
configure:2943: checking for suffix of object files
configure:2969: gcc -c   conftest.c >&5
configure:2972: $? = 0
configure:2995: result: o
configure:2999: checking whether we are using the GNU C compiler
configure:3028: gcc -c   conftest.c >&5
configure:3034: $? = 0
configure:3051: result: yes
configure:3056: checking whether gcc accepts -g
configure:3086: gcc -c -g  conftest.c >&5
configure:3092: $? = 0
configure:3191: result: yes
configure:3208: checking for gcc option to accept ISO C89
configure:3282: gcc  -c -g -O2  conftest.c >&5
configure:3288: $? = 0
configure:3311: result: none needed
configure:3340: checking for style of include used by make
configure:3368: result: GNU
configure:3393: checking dependency style of gcc
configure:3484: result: gcc3
configure:3500: checking whether gcc and cc understand -c and -o together
configure:3535: gcc -c conftest.c -o conftest2.o >&5
configure:3538: $? = 0
configure:3544: gcc -c conftest.c -o conftest2.o >&5
configure:3547: $? = 0
configure:3558: cc -c conftest.c >&5
configure:3561: $? = 0
configure:3569: cc -c conftest.c -o conftest2.o >&5
configure:3572: $? = 0
configure:3578: cc -c conftest.c -o conftest2.o >&5
configure:3581: $? = 0
configure:3599: result: yes
configure:3625: checking whether make sets $(MAKE)
configure:3646: result: yes
configure:3668: checking for a BSD-compatible install
configure:3724: result: /usr/bin/install -c
configure:3986: checking for cp
configure:4004: found /bin/cp
configure:4016: result: /bin/cp
configure:4026: checking for rm
configure:4044: found /bin/rm
configure:4056: result: /bin/rm
configure:4066: checking for rmdir
configure:4084: found /bin/rmdir
configure:4096: result: /bin/rmdir
configure:4106: checking for mkdir
configure:4124: found /bin/mkdir
configure:4136: result: /bin/mkdir
configure:4153: checking for sdl-config
configure:4171: found /usr/bin/sdl-config
configure:4183: result: /usr/bin/sdl-config
configure:4217: checking for IMG_Load in -lSDL_image
configure:4252: gcc -o conftest -g -O2  -DSYSPATH="\"./\""  conftest.c -lSDL_image   -L/usr/lib -lSDL  >&5
configure:4258: $? = 0
configure:4276: result: yes
configure:4290: checking for Mix_OpenAudio in -lSDL_mixer
configure:4325: gcc -o conftest -g -O2  -DSYSPATH="\"./\""  conftest.c -lSDL_mixer   -L/usr/lib -lSDL  >&5
configure:4331: $? = 0
configure:4349: result: yes
configure:4363: checking for PHYSFS_init in -lphysfs
configure:4398: gcc -o conftest -g -O2  -DSYSPATH="\"./\""  conftest.c -lphysfs   -L/usr/lib -lSDL  >&5
configure:4404: $? = 0
configure:4422: result: yes
configure:4433: checking for curl_global_init in -lcurl
configure:4468: gcc -o conftest -g -O2  -DSYSPATH="\"./\""  conftest.c -lcurl -lcurl  -L/usr/lib -lSDL  >&5
configure:4474: $? = 0
configure:4492: result: yes
configure:4530: checking how to run the C preprocessor
configure:4570: gcc -E  -DSYSPATH="\"./\"" -I/usr/include/SDL -D_GNU_SOURCE=1 -D_REENTRANT conftest.c
configure:4576: $? = 0
configure:4607: gcc -E  -DSYSPATH="\"./\"" -I/usr/include/SDL -D_GNU_SOURCE=1 -D_REENTRANT conftest.c
conftest.c:12:28: error: ac_nonexistent.h: No such file or directory
configure:4613: $? = 1
configure: failed program was:
| /* confdefs.h.  */
| #define PACKAGE_NAME "Daimonin SDL Client"
| #define PACKAGE_TARNAME "daimonin-sdl-client"
| #define PACKAGE_VERSION "0.9.7"
| #define PACKAGE_STRING "Daimonin SDL Client 0.9.7"
| #define PACKAGE_BUGREPORT "http://www.daimonin.net"
| #define PACKAGE "daimonin"
| #define VERSION "0.9.7"
| #define INSTALL_SOUND 1
| #define __LINUX 1
| /* end confdefs.h.  */
| #include <ac_nonexistent.h>
configure:4646: result: gcc -E
configure:4675: gcc -E  -DSYSPATH="\"./\"" -I/usr/include/SDL -D_GNU_SOURCE=1 -D_REENTRANT conftest.c
configure:4681: $? = 0
configure:4712: gcc -E  -DSYSPATH="\"./\"" -I/usr/include/SDL -D_GNU_SOURCE=1 -D_REENTRANT conftest.c
conftest.c:12:28: error: ac_nonexistent.h: No such file or directory
configure:4718: $? = 1
configure: failed program was:
| /* confdefs.h.  */
| #define PACKAGE_NAME "Daimonin SDL Client"
| #define PACKAGE_TARNAME "daimonin-sdl-client"
| #define PACKAGE_VERSION "0.9.7"
| #define PACKAGE_STRING "Daimonin SDL Client 0.9.7"
| #define PACKAGE_BUGREPORT "http://www.daimonin.net"
| #define PACKAGE "daimonin"
| #define VERSION "0.9.7"
| #define INSTALL_SOUND 1
| #define __LINUX 1
| /* end confdefs.h.  */
| #include <ac_nonexistent.h>
configure:4756: checking for grep that handles long lines and -e
configure:4830: result: /bin/grep
configure:4835: checking for egrep
configure:4913: result: /bin/grep -E
configure:4918: checking for ANSI C header files
configure:4948: gcc -c -g -O2  -DSYSPATH="\"./\"" -I/usr/include/SDL -D_GNU_SOURCE=1 -D_REENTRANT conftest.c >&5
configure:4954: $? = 0
configure:5053: gcc -o conftest -g -O2  -DSYSPATH="\"./\"" -I/usr/include/SDL -D_GNU_SOURCE=1 -D_REENTRANT  conftest.c  >&5
configure:5056: $? = 0
configure:5062: ./conftest
configure:5065: $? = 0
configure:5082: result: yes
configure:5106: checking for sys/types.h
configure:5127: gcc -c -g -O2  -DSYSPATH="\"./\"" -I/usr/include/SDL -D_GNU_SOURCE=1 -D_REENTRANT conftest.c >&5
configure:5133: $? = 0
configure:5149: result: yes
configure:5106: checking for sys/stat.h
configure:5127: gcc -c -g -O2  -DSYSPATH="\"./\"" -I/usr/include/SDL -D_GNU_SOURCE=1 -D_REENTRANT conftest.c >&5
configure:5133: $? = 0
configure:5149: result: yes
configure:5106: checking for stdlib.h
configure:5127: gcc -c -g -O2  -DSYSPATH="\"./\"" -I/usr/include/SDL -D_GNU_SOURCE=1 -D_REENTRANT conftest.c >&5
configure:5133: $? = 0
configure:5149: result: yes
configure:5106: checking for string.h
configure:5127: gcc -c -g -O2  -DSYSPATH="\"./\"" -I/usr/include/SDL -D_GNU_SOURCE=1 -D_REENTRANT conftest.c >&5
configure:5133: $? = 0
configure:5149: result: yes
configure:5106: checking for memory.h
configure:5127: gcc -c -g -O2  -DSYSPATH="\"./\"" -I/usr/include/SDL -D_GNU_SOURCE=1 -D_REENTRANT conftest.c >&5
configure:5133: $? = 0
configure:5149: result: yes
configure:5106: checking for strings.h
configure:5127: gcc -c -g -O2  -DSYSPATH="\"./\"" -I/usr/include/SDL -D_GNU_SOURCE=1 -D_REENTRANT conftest.c >&5
configure:5133: $? = 0
configure:5149: result: yes
configure:5106: checking for inttypes.h
configure:5127: gcc -c -g -O2  -DSYSPATH="\"./\"" -I/usr/include/SDL -D_GNU_SOURCE=1 -D_REENTRANT conftest.c >&5
configure:5133: $? = 0
configure:5149: result: yes
configure:5106: checking for stdint.h
configure:5127: gcc -c -g -O2  -DSYSPATH="\"./\"" -I/usr/include/SDL -D_GNU_SOURCE=1 -D_REENTRANT conftest.c >&5
configure:5133: $? = 0
configure:5149: result: yes
configure:5106: checking for unistd.h
configure:5127: gcc -c -g -O2  -DSYSPATH="\"./\"" -I/usr/include/SDL -D_GNU_SOURCE=1 -D_REENTRANT conftest.c >&5
configure:5133: $? = 0
configure:5149: result: yes
configure:5171: checking SDL.h usability
configure:5188: gcc -c -g -O2  -DSYSPATH="\"./\"" -I/usr/include/SDL -D_GNU_SOURCE=1 -D_REENTRANT conftest.c >&5
configure:5194: $? = 0
configure:5208: result: yes
configure:5212: checking SDL.h presence
configure:5227: gcc -E  -DSYSPATH="\"./\"" -I/usr/include/SDL -D_GNU_SOURCE=1 -D_REENTRANT conftest.c
configure:5233: $? = 0
configure:5247: result: yes
configure:5280: checking for SDL.h
configure:5287: result: yes
configure:5313: checking SDL_image.h usability
configure:5330: gcc -c -g -O2  -DSYSPATH="\"./\"" -I/usr/include/SDL -D_GNU_SOURCE=1 -D_REENTRANT conftest.c >&5
configure:5336: $? = 0
configure:5350: result: yes
configure:5354: checking SDL_image.h presence
configure:5369: gcc -E  -DSYSPATH="\"./\"" -I/usr/include/SDL -D_GNU_SOURCE=1 -D_REENTRANT conftest.c
configure:5375: $? = 0
configure:5389: result: yes
configure:5422: checking for SDL_image.h
configure:5429: result: yes
configure:5456: checking SDL_mixer.h usability
configure:5473: gcc -c -g -O2  -DSYSPATH="\"./\"" -I/usr/include/SDL -D_GNU_SOURCE=1 -D_REENTRANT conftest.c >&5
configure:5479: $? = 0
configure:5493: result: yes
configure:5497: checking SDL_mixer.h presence
configure:5512: gcc -E  -DSYSPATH="\"./\"" -I/usr/include/SDL -D_GNU_SOURCE=1 -D_REENTRANT conftest.c
configure:5518: $? = 0
configure:5532: result: yes
configure:5565: checking for SDL_mixer.h
configure:5572: result: yes
configure:5601: checking physfs.h usability
configure:5618: gcc -c -g -O2  -DSYSPATH="\"./\"" -I/usr/include/SDL -D_GNU_SOURCE=1 -D_REENTRANT conftest.c >&5
configure:5624: $? = 0
configure:5638: result: yes
configure:5642: checking physfs.h presence
configure:5657: gcc -E  -DSYSPATH="\"./\"" -I/usr/include/SDL -D_GNU_SOURCE=1 -D_REENTRANT conftest.c
configure:5663: $? = 0
configure:5677: result: yes
configure:5710: checking for physfs.h
configure:5717: result: yes
configure:5741: checking for PNG support in SDL_image
configure:5783: gcc -o conftest -g -O2  -DSYSPATH="\"./\"" -I/usr/include/SDL -D_GNU_SOURCE=1 -D_REENTRANT  conftest.c  -lSDL_image  -L/usr/lib -lSDL  >&5
configure:5786: $? = 0
configure:5792: ./conftest
configure:5795: $? = 0
configure:5797: result: yes
configure:5825: checking for OGG support in SDL_mixer
configure:5867: gcc -o conftest -g -O2  -DSYSPATH="\"./\"" -I/usr/include/SDL -D_GNU_SOURCE=1 -D_REENTRANT  conftest.c  -lSDL_mixer -L/usr/lib -lSDL  >&5
configure:5870: $? = 0
configure:5876: ./conftest
configure:5879: $? = 0
configure:5881: result: yes
configure:5913: checking whether byte ordering is bigendian
configure:5946: gcc -c -g -O2  -DSYSPATH="\"./\"" conftest.c >&5
configure:5952: $? = 0
configure:5984: gcc -c -g -O2  -DSYSPATH="\"./\"" conftest.c >&5
conftest.c: In function 'main':
conftest.c:29: error: 'not' undeclared (first use in this function)
conftest.c:29: error: (Each undeclared identifier is reported only once
conftest.c:29: error: for each function it appears in.)
conftest.c:29: error: expected ';' before 'big'
configure:5990: $? = 1
configure: failed program was:
| /* confdefs.h.  */
| #define PACKAGE_NAME "Daimonin SDL Client"
| #define PACKAGE_TARNAME "daimonin-sdl-client"
| #define PACKAGE_VERSION "0.9.7"
| #define PACKAGE_STRING "Daimonin SDL Client 0.9.7"
| #define PACKAGE_BUGREPORT "http://www.daimonin.net"
| #define PACKAGE "daimonin"
| #define VERSION "0.9.7"
| #define INSTALL_SOUND 1
| #define __LINUX 1
| #define STDC_HEADERS 1
| #define HAVE_SYS_TYPES_H 1
| #define HAVE_SYS_STAT_H 1
| #define HAVE_STDLIB_H 1
| #define HAVE_STRING_H 1
| #define HAVE_MEMORY_H 1
| #define HAVE_STRINGS_H 1
| #define HAVE_INTTYPES_H 1
| #define HAVE_STDINT_H 1
| #define HAVE_UNISTD_H 1
| /* end confdefs.h.  */
| #include <sys/types.h>
| #include <sys/param.h>
| 
| int
| main ()
| {
| #if BYTE_ORDER != BIG_ENDIAN
|  not big endian
| #endif
| 
|   ;
|   return 0;
| }
configure:6130: result: no
configure:6151: checking for int *
configure:6181: gcc -c -g -O2  -DSYSPATH="\"./\"" conftest.c >&5
configure:6187: $? = 0
configure:6202: result: yes
configure:6209: checking size of int *
configure:6511: gcc -o conftest -g -O2  -DSYSPATH="\"./\""  conftest.c  >&5
configure:6514: $? = 0
configure:6520: ./conftest
configure:6523: $? = 0
configure:6546: result: 4
configure:6559: checking for an ANSI C-conforming const
configure:6634: gcc -c -g -O2  -DSYSPATH="\"./\"" conftest.c >&5
configure:6640: $? = 0
configure:6655: result: yes
configure:6665: checking for inline
configure:6691: gcc -c -g -O2  -DSYSPATH="\"./\"" conftest.c >&5
configure:6697: $? = 0
configure:6715: result: inline
configure:6734: checking for size_t
configure:6764: gcc -c -g -O2  -DSYSPATH="\"./\"" conftest.c >&5
configure:6770: $? = 0
configure:6785: result: yes
configure:6797: checking whether time.h and sys/time.h may both be included
configure:6827: gcc -c -g -O2  -DSYSPATH="\"./\"" conftest.c >&5
configure:6833: $? = 0
configure:6848: result: yes
configure:6858: checking for ptrdiff_t
configure:6888: gcc -c -g -O2  -DSYSPATH="\"./\"" conftest.c >&5
configure:6894: $? = 0
configure:6909: result: yes
configure:6927: checking for stdlib.h
configure:6933: result: yes
configure:7067: checking for GNU libc compatible malloc
configure:7101: gcc -o conftest -g -O2  -DSYSPATH="\"./\""  conftest.c  >&5
configure:7104: $? = 0
configure:7110: ./conftest
configure:7113: $? = 0
configure:7129: result: yes
configure:7173: checking sys/select.h usability
configure:7190: gcc -c -g -O2  -DSYSPATH="\"./\"" conftest.c >&5
configure:7196: $? = 0
configure:7210: result: yes
configure:7214: checking sys/select.h presence
configure:7229: gcc -E  -DSYSPATH="\"./\"" conftest.c
configure:7235: $? = 0
configure:7249: result: yes
configure:7282: checking for sys/select.h
configure:7290: result: yes
configure:7173: checking sys/socket.h usability
configure:7190: gcc -c -g -O2  -DSYSPATH="\"./\"" conftest.c >&5
configure:7196: $? = 0
configure:7210: result: yes
configure:7214: checking sys/socket.h presence
configure:7229: gcc -E  -DSYSPATH="\"./\"" conftest.c
configure:7235: $? = 0
configure:7249: result: yes
configure:7282: checking for sys/socket.h
configure:7290: result: yes
configure:7303: checking types of arguments for select
configure:7341: gcc -c -g -O2  -DSYSPATH="\"./\"" conftest.c >&5
configure:7347: $? = 0
configure:7368: result: int,fd_set *,struct timeval *
configure:7395: checking for vprintf
configure:7451: gcc -o conftest -g -O2  -DSYSPATH="\"./\""  conftest.c  >&5
conftest.c:56: warning: conflicting types for built-in function 'vprintf'
configure:7457: $? = 0
configure:7475: result: yes
configure:7482: checking for _doprnt
configure:7538: gcc -o conftest -g -O2  -DSYSPATH="\"./\""  conftest.c  >&5
/tmp/ccKUgh4s.o: In function `main':
/home/gecko/src/daimonin_trunk/client/make/linux/conftest.c:68: undefined reference to `_doprnt'
collect2: ld returned 1 exit status
configure:7544: $? = 1
configure: failed program was:
| /* confdefs.h.  */
| #define PACKAGE_NAME "Daimonin SDL Client"
| #define PACKAGE_TARNAME "daimonin-sdl-client"
| #define PACKAGE_VERSION "0.9.7"
| #define PACKAGE_STRING "Daimonin SDL Client 0.9.7"
| #define PACKAGE_BUGREPORT "http://www.daimonin.net"
| #define PACKAGE "daimonin"
| #define VERSION "0.9.7"
| #define INSTALL_SOUND 1
| #define __LINUX 1
| #define STDC_HEADERS 1
| #define HAVE_SYS_TYPES_H 1
| #define HAVE_SYS_STAT_H 1
| #define HAVE_STDLIB_H 1
| #define HAVE_STRING_H 1
| #define HAVE_MEMORY_H 1
| #define HAVE_STRINGS_H 1
| #define HAVE_INTTYPES_H 1
| #define HAVE_STDINT_H 1
| #define HAVE_UNISTD_H 1
| #define WORDS_LITTLEENDIAN 1
| #define SIZEOF_INT_P 4
| #define TIME_WITH_SYS_TIME 1
| #define HAVE_PTRDIFF_T 1
| #define HAVE_STDLIB_H 1
| #define HAVE_MALLOC 1
| #define HAVE_SYS_SELECT_H 1
| #define HAVE_SYS_SOCKET_H 1
| #define SELECT_TYPE_ARG1 int
| #define SELECT_TYPE_ARG234 (fd_set *)
| #define SELECT_TYPE_ARG5 (struct timeval *)
| #define HAVE_VPRINTF 1
| /* end confdefs.h.  */
| /* Define _doprnt to an innocuous variant, in case <limits.h> declares _doprnt.
|    For example, HP-UX 11i <limits.h> declares gettimeofday.  */
| #define _doprnt innocuous__doprnt
| 
| /* System header to define __stub macros and hopefully few prototypes,
|     which can conflict with char _doprnt (); below.
|     Prefer <limits.h> to <assert.h> if __STDC__ is defined, since
|     <limits.h> exists even on freestanding compilers.  */
| 
| #ifdef __STDC__
| # include <limits.h>
| #else
| # include <assert.h>
| #endif
| 
| #undef _doprnt
| 
| /* Override any GCC internal prototype to avoid an error.
|    Use char because int might match the return type of a GCC
|    builtin and then its argument prototype would still apply.  */
| #ifdef __cplusplus
| extern "C"
| #endif
| char _doprnt ();
| /* The GNU C library defines this for functions which it implements
|     to always fail with ENOSYS.  Some functions are actually named
|     something starting with __ and the normal name is an alias.  */
| #if defined __stub__doprnt || defined __stub____doprnt
| choke me
| #endif
| 
| int
| main ()
| {
| return _doprnt ();
|   ;
|   return 0;
| }
configure:7561: result: no
configure:7594: checking for atexit
configure:7650: gcc -o conftest -g -O2  -DSYSPATH="\"./\""  conftest.c  >&5
configure:7656: $? = 0
configure:7674: result: yes
configure:7594: checking for gethostbyname
configure:7650: gcc -o conftest -g -O2  -DSYSPATH="\"./\""  conftest.c  >&5
configure:7656: $? = 0
configure:7674: result: yes
configure:7594: checking for memset
configure:7650: gcc -o conftest -g -O2  -DSYSPATH="\"./\""  conftest.c  >&5
conftest.c:59: warning: conflicting types for built-in function 'memset'
configure:7656: $? = 0
configure:7674: result: yes
configure:7594: checking for modf
configure:7650: gcc -o conftest -g -O2  -DSYSPATH="\"./\""  conftest.c  >&5
conftest.c:60: warning: conflicting types for built-in function 'modf'
configure:7656: $? = 0
configure:7674: result: yes
configure:7594: checking for select
configure:7650: gcc -o conftest -g -O2  -DSYSPATH="\"./\""  conftest.c  >&5
configure:7656: $? = 0
configure:7674: result: yes
configure:7594: checking for socket
configure:7650: gcc -o conftest -g -O2  -DSYSPATH="\"./\""  conftest.c  >&5
configure:7656: $? = 0
configure:7674: result: yes
configure:7594: checking for strcasecmp
configure:7650: gcc -o conftest -g -O2  -DSYSPATH="\"./\""  conftest.c  >&5
conftest.c:63: warning: conflicting types for built-in function 'strcasecmp'
configure:7656: $? = 0
configure:7674: result: yes
configure:7594: checking for strchr
configure:7650: gcc -o conftest -g -O2  -DSYSPATH="\"./\""  conftest.c  >&5
conftest.c:64: warning: conflicting types for built-in function 'strchr'
configure:7656: $? = 0
configure:7674: result: yes
configure:7594: checking for strerror
configure:7650: gcc -o conftest -g -O2  -DSYSPATH="\"./\""  conftest.c  >&5
configure:7656: $? = 0
configure:7674: result: yes
configure:7594: checking for strncasecmp
configure:7650: gcc -o conftest -g -O2  -DSYSPATH="\"./\""  conftest.c  >&5
conftest.c:66: warning: conflicting types for built-in function 'strncasecmp'
configure:7656: $? = 0
configure:7674: result: yes
configure:7594: checking for strrchr
configure:7650: gcc -o conftest -g -O2  -DSYSPATH="\"./\""  conftest.c  >&5
conftest.c:67: warning: conflicting types for built-in function 'strrchr'
configure:7656: $? = 0
configure:7674: result: yes
configure:7594: checking for strstr
configure:7650: gcc -o conftest -g -O2  -DSYSPATH="\"./\""  conftest.c  >&5
conftest.c:68: warning: conflicting types for built-in function 'strstr'
configure:7656: $? = 0
configure:7674: result: yes
configure:7594: checking for strtoul
configure:7650: gcc -o conftest -g -O2  -DSYSPATH="\"./\""  conftest.c  >&5
configure:7656: $? = 0
configure:7674: result: yes
configure:7594: checking for stricmp
configure:7650: gcc -o conftest -g -O2  -DSYSPATH="\"./\""  conftest.c  >&5
/tmp/ccEwVy15.o: In function `main':
/home/gecko/src/daimonin_trunk/client/make/linux/conftest.c:81: undefined reference to `stricmp'
collect2: ld returned 1 exit status
configure:7656: $? = 1
configure: failed program was:
| /* confdefs.h.  */
| #define PACKAGE_NAME "Daimonin SDL Client"
| #define PACKAGE_TARNAME "daimonin-sdl-client"
| #define PACKAGE_VERSION "0.9.7"
| #define PACKAGE_STRING "Daimonin SDL Client 0.9.7"
| #define PACKAGE_BUGREPORT "http://www.daimonin.net"
| #define PACKAGE "daimonin"
| #define VERSION "0.9.7"
| #define INSTALL_SOUND 1
| #define __LINUX 1
| #define STDC_HEADERS 1
| #define HAVE_SYS_TYPES_H 1
| #define HAVE_SYS_STAT_H 1
| #define HAVE_STDLIB_H 1
| #define HAVE_STRING_H 1
| #define HAVE_MEMORY_H 1
| #define HAVE_STRINGS_H 1
| #define HAVE_INTTYPES_H 1
| #define HAVE_STDINT_H 1
| #define HAVE_UNISTD_H 1
| #define WORDS_LITTLEENDIAN 1
| #define SIZEOF_INT_P 4
| #define TIME_WITH_SYS_TIME 1
| #define HAVE_PTRDIFF_T 1
| #define HAVE_STDLIB_H 1
| #define HAVE_MALLOC 1
| #define HAVE_SYS_SELECT_H 1
| #define HAVE_SYS_SOCKET_H 1
| #define SELECT_TYPE_ARG1 int
| #define SELECT_TYPE_ARG234 (fd_set *)
| #define SELECT_TYPE_ARG5 (struct timeval *)
| #define HAVE_VPRINTF 1
| #define HAVE_ATEXIT 1
| #define HAVE_GETHOSTBYNAME 1
| #define HAVE_MEMSET 1
| #define HAVE_MODF 1
| #define HAVE_SELECT 1
| #define HAVE_SOCKET 1
| #define HAVE_STRCASECMP 1
| #define HAVE_STRCHR 1
| #define HAVE_STRERROR 1
| #define HAVE_STRNCASECMP 1
| #define HAVE_STRRCHR 1
| #define HAVE_STRSTR 1
| #define HAVE_STRTOUL 1
| /* end confdefs.h.  */
| /* Define stricmp to an innocuous variant, in case <limits.h> declares stricmp.
|    For example, HP-UX 11i <limits.h> declares gettimeofday.  */
| #define stricmp innocuous_stricmp
| 
| /* System header to define __stub macros and hopefully few prototypes,
|     which can conflict with char stricmp (); below.
|     Prefer <limits.h> to <assert.h> if __STDC__ is defined, since
|     <limits.h> exists even on freestanding compilers.  */
| 
| #ifdef __STDC__
| # include <limits.h>
| #else
| # include <assert.h>
| #endif
| 
| #undef stricmp
| 
| /* Override any GCC internal prototype to avoid an error.
|    Use char because int might match the return type of a GCC
|    builtin and then its argument prototype would still apply.  */
| #ifdef __cplusplus
| extern "C"
| #endif
| char stricmp ();
| /* The GNU C library defines this for functions which it implements
|     to always fail with ENOSYS.  Some functions are actually named
|     something starting with __ and the normal name is an alias.  */
| #if defined __stub_stricmp || defined __stub___stricmp
| choke me
| #endif
| 
| int
| main ()
| {
| return stricmp ();
|   ;
|   return 0;
| }
configure:7674: result: no
configure:7594: checking for strnicmp
configure:7650: gcc -o conftest -g -O2  -DSYSPATH="\"./\""  conftest.c  >&5
/tmp/ccYDtlEe.o: In function `main':
/home/gecko/src/daimonin_trunk/client/make/linux/conftest.c:81: undefined reference to `strnicmp'
collect2: ld returned 1 exit status
configure:7656: $? = 1
configure: failed program was:
| /* confdefs.h.  */
| #define PACKAGE_NAME "Daimonin SDL Client"
| #define PACKAGE_TARNAME "daimonin-sdl-client"
| #define PACKAGE_VERSION "0.9.7"
| #define PACKAGE_STRING "Daimonin SDL Client 0.9.7"
| #define PACKAGE_BUGREPORT "http://www.daimonin.net"
| #define PACKAGE "daimonin"
| #define VERSION "0.9.7"
| #define INSTALL_SOUND 1
| #define __LINUX 1
| #define STDC_HEADERS 1
| #define HAVE_SYS_TYPES_H 1
| #define HAVE_SYS_STAT_H 1
| #define HAVE_STDLIB_H 1
| #define HAVE_STRING_H 1
| #define HAVE_MEMORY_H 1
| #define HAVE_STRINGS_H 1
| #define HAVE_INTTYPES_H 1
| #define HAVE_STDINT_H 1
| #define HAVE_UNISTD_H 1
| #define WORDS_LITTLEENDIAN 1
| #define SIZEOF_INT_P 4
| #define TIME_WITH_SYS_TIME 1
| #define HAVE_PTRDIFF_T 1
| #define HAVE_STDLIB_H 1
| #define HAVE_MALLOC 1
| #define HAVE_SYS_SELECT_H 1
| #define HAVE_SYS_SOCKET_H 1
| #define SELECT_TYPE_ARG1 int
| #define SELECT_TYPE_ARG234 (fd_set *)
| #define SELECT_TYPE_ARG5 (struct timeval *)
| #define HAVE_VPRINTF 1
| #define HAVE_ATEXIT 1
| #define HAVE_GETHOSTBYNAME 1
| #define HAVE_MEMSET 1
| #define HAVE_MODF 1
| #define HAVE_SELECT 1
| #define HAVE_SOCKET 1
| #define HAVE_STRCASECMP 1
| #define HAVE_STRCHR 1
| #define HAVE_STRERROR 1
| #define HAVE_STRNCASECMP 1
| #define HAVE_STRRCHR 1
| #define HAVE_STRSTR 1
| #define HAVE_STRTOUL 1
| /* end confdefs.h.  */
| /* Define strnicmp to an innocuous variant, in case <limits.h> declares strnicmp.
|    For example, HP-UX 11i <limits.h> declares gettimeofday.  */
| #define strnicmp innocuous_strnicmp
| 
| /* System header to define __stub macros and hopefully few prototypes,
|     which can conflict with char strnicmp (); below.
|     Prefer <limits.h> to <assert.h> if __STDC__ is defined, since
|     <limits.h> exists even on freestanding compilers.  */
| 
| #ifdef __STDC__
| # include <limits.h>
| #else
| # include <assert.h>
| #endif
| 
| #undef strnicmp
| 
| /* Override any GCC internal prototype to avoid an error.
|    Use char because int might match the return type of a GCC
|    builtin and then its argument prototype would still apply.  */
| #ifdef __cplusplus
| extern "C"
| #endif
| char strnicmp ();
| /* The GNU C library defines this for functions which it implements
|     to always fail with ENOSYS.  Some functions are actually named
|     something starting with __ and the normal name is an alias.  */
| #if defined __stub_strnicmp || defined __stub___strnicmp
| choke me
| #endif
| 
| int
| main ()
| {
| return strnicmp ();
|   ;
|   return 0;
| }
configure:7674: result: no
configure:7594: checking for getpwuid
configure:7650: gcc -o conftest -g -O2  -DSYSPATH="\"./\""  conftest.c  >&5
configure:7656: $? = 0
configure:7674: result: yes
configure:7686: checking for ANSI C header files
configure:7850: result: yes
configure:7887: checking arpa/inet.h usability
configure:7904: gcc -c -g -O2  -DSYSPATH="\"./\"" conftest.c >&5
configure:7910: $? = 0
configure:7924: result: yes
configure:7928: checking arpa/inet.h presence
configure:7943: gcc -E  -DSYSPATH="\"./\"" conftest.c
configure:7949: $? = 0
configure:7963: result: yes
configure:7996: checking for arpa/inet.h
configure:8004: result: yes
configure:7887: checking fcntl.h usability
configure:7904: gcc -c -g -O2  -DSYSPATH="\"./\"" conftest.c >&5
configure:7910: $? = 0
configure:7924: result: yes
configure:7928: checking fcntl.h presence
configure:7943: gcc -E  -DSYSPATH="\"./\"" conftest.c
configure:7949: $? = 0
configure:7963: result: yes
configure:7996: checking for fcntl.h
configure:8004: result: yes
configure:7887: checking limits.h usability
configure:7904: gcc -c -g -O2  -DSYSPATH="\"./\"" conftest.c >&5
configure:7910: $? = 0
configure:7924: result: yes
configure:7928: checking limits.h presence
configure:7943: gcc -E  -DSYSPATH="\"./\"" conftest.c
configure:7949: $? = 0
configure:7963: result: yes
configure:7996: checking for limits.h
configure:8004: result: yes
configure:7887: checking malloc.h usability
configure:7904: gcc -c -g -O2  -DSYSPATH="\"./\"" conftest.c >&5
configure:7910: $? = 0
configure:7924: result: yes
configure:7928: checking malloc.h presence
configure:7943: gcc -E  -DSYSPATH="\"./\"" conftest.c
configure:7949: $? = 0
configure:7963: result: yes
configure:7996: checking for malloc.h
configure:8004: result: yes
configure:7887: checking netdb.h usability
configure:7904: gcc -c -g -O2  -DSYSPATH="\"./\"" conftest.c >&5
configure:7910: $? = 0
configure:7924: result: yes
configure:7928: checking netdb.h presence
configure:7943: gcc -E  -DSYSPATH="\"./\"" conftest.c
configure:7949: $? = 0
configure:7963: result: yes
configure:7996: checking for netdb.h
configure:8004: result: yes
configure:7887: checking netinet/in.h usability
configure:7904: gcc -c -g -O2  -DSYSPATH="\"./\"" conftest.c >&5
configure:7910: $? = 0
configure:7924: result: yes
configure:7928: checking netinet/in.h presence
configure:7943: gcc -E  -DSYSPATH="\"./\"" conftest.c
configure:7949: $? = 0
configure:7963: result: yes
configure:7996: checking for netinet/in.h
configure:8004: result: yes
configure:7887: checking stddef.h usability
configure:7904: gcc -c -g -O2  -DSYSPATH="\"./\"" conftest.c >&5
configure:7910: $? = 0
configure:7924: result: yes
configure:7928: checking stddef.h presence
configure:7943: gcc -E  -DSYSPATH="\"./\"" conftest.c
configure:7949: $? = 0
configure:7963: result: yes
configure:7996: checking for stddef.h
configure:8004: result: yes
configure:7877: checking for stdlib.h
configure:7883: result: yes
configure:7877: checking for string.h
configure:7883: result: yes
configure:7877: checking for sys/socket.h
configure:7883: result: yes
configure:7887: checking sys/time.h usability
configure:7904: gcc -c -g -O2  -DSYSPATH="\"./\"" conftest.c >&5
configure:7910: $? = 0
configure:7924: result: yes
configure:7928: checking sys/time.h presence
configure:7943: gcc -E  -DSYSPATH="\"./\"" conftest.c
configure:7949: $? = 0
configure:7963: result: yes
configure:7996: checking for sys/time.h
configure:8004: result: yes
configure:7877: checking for unistd.h
configure:7883: result: yes
configure:7887: checking pwd.h usability
configure:7904: gcc -c -g -O2  -DSYSPATH="\"./\"" conftest.c >&5
configure:7910: $? = 0
configure:7924: result: yes
configure:7928: checking pwd.h presence
configure:7943: gcc -E  -DSYSPATH="\"./\"" conftest.c
configure:7949: $? = 0
configure:7963: result: yes
configure:7996: checking for pwd.h
configure:8004: result: yes
configure:8196: creating ./config.status

## ---------------------- ##
## Running config.status. ##
## ---------------------- ##

This file was extended by Daimonin SDL Client config.status 0.9.7, which was
generated by GNU Autoconf 2.61.  Invocation command line was

  CONFIG_FILES    = 
  CONFIG_HEADERS  = 
  CONFIG_LINKS    = 
  CONFIG_COMMANDS = 
  $ ./config.status 

on newt

config.status:667: creating Makefile
config.status:667: creating ../../src/include/define.h
config.status:990: executing depfiles commands

## ---------------- ##
## Cache variables. ##
## ---------------- ##

ac_cv_build=i686-pc-linux-gnu
ac_cv_c_bigendian=no
ac_cv_c_compiler_gnu=yes
ac_cv_c_const=yes
ac_cv_c_inline=inline
ac_cv_env_CC_set=
ac_cv_env_CC_value=
ac_cv_env_CFLAGS_set=
ac_cv_env_CFLAGS_value=
ac_cv_env_CPPFLAGS_set=
ac_cv_env_CPPFLAGS_value=
ac_cv_env_CPP_set=
ac_cv_env_CPP_value=
ac_cv_env_LDFLAGS_set=
ac_cv_env_LDFLAGS_value=
ac_cv_env_LIBS_set=
ac_cv_env_LIBS_value=
ac_cv_env_build_alias_set=
ac_cv_env_build_alias_value=
ac_cv_env_host_alias_set=
ac_cv_env_host_alias_value=
ac_cv_env_target_alias_set=
ac_cv_env_target_alias_value=
ac_cv_func__doprnt=no
ac_cv_func_atexit=yes
ac_cv_func_gethostbyname=yes
ac_cv_func_getpwuid=yes
ac_cv_func_malloc_0_nonnull=yes
ac_cv_func_memset=yes
ac_cv_func_modf=yes
ac_cv_func_select=yes
ac_cv_func_select_args='int,fd_set *,struct timeval *'
ac_cv_func_socket=yes
ac_cv_func_strcasecmp=yes
ac_cv_func_strchr=yes
ac_cv_func_strerror=yes
ac_cv_func_stricmp=no
ac_cv_func_strncasecmp=yes
ac_cv_func_strnicmp=no
ac_cv_func_strrchr=yes
ac_cv_func_strstr=yes
ac_cv_func_strtoul=yes
ac_cv_func_vprintf=yes
ac_cv_header_SDL_h=yes
ac_cv_header_SDL_image_h=yes
ac_cv_header_SDL_mixer_h=yes
ac_cv_header_arpa_inet_h=yes
ac_cv_header_fcntl_h=yes
ac_cv_header_inttypes_h=yes
ac_cv_header_limits_h=yes
ac_cv_header_malloc_h=yes
ac_cv_header_memory_h=yes
ac_cv_header_netdb_h=yes
ac_cv_header_netinet_in_h=yes
ac_cv_header_physfs_h=yes
ac_cv_header_pwd_h=yes
ac_cv_header_stdc=yes
ac_cv_header_stddef_h=yes
ac_cv_header_stdint_h=yes
ac_cv_header_stdlib_h=yes
ac_cv_header_string_h=yes
ac_cv_header_strings_h=yes
ac_cv_header_sys_select_h=yes
ac_cv_header_sys_socket_h=yes
ac_cv_header_sys_stat_h=yes
ac_cv_header_sys_time_h=yes
ac_cv_header_sys_types_h=yes
ac_cv_header_time=yes
ac_cv_header_unistd_h=yes
ac_cv_host=i686-pc-linux-gnu
ac_cv_lib_SDL_image_IMG_Load=yes
ac_cv_lib_SDL_mixer_Mix_OpenAudio=yes
ac_cv_lib_curl_curl_global_init=yes
ac_cv_lib_physfs_PHYSFS_init=yes
ac_cv_objext=o
ac_cv_path_CP=/bin/cp
ac_cv_path_EGREP='/bin/grep -E'
ac_cv_path_GREP=/bin/grep
ac_cv_path_MKDIR=/bin/mkdir
ac_cv_path_RM=/bin/rm
ac_cv_path_RMDIR=/bin/rmdir
ac_cv_path_SDL_CONFIG=/usr/bin/sdl-config
ac_cv_path_install='/usr/bin/install -c'
ac_cv_path_mkdir=/bin/mkdir
ac_cv_prog_AWK=gawk
ac_cv_prog_CPP='gcc -E'
ac_cv_prog_ac_ct_CC=gcc
ac_cv_prog_cc_c89=
ac_cv_prog_cc_g=yes
ac_cv_prog_cc_gcc_c_o=yes
ac_cv_prog_make_make_set=yes
ac_cv_sizeof_int_p=4
ac_cv_target=i686-pc-linux-gnu
ac_cv_type_int_p=yes
ac_cv_type_ptrdiff_t=yes
ac_cv_type_size_t=yes
am_cv_CC_dependencies_compiler_type=gcc3

## ----------------- ##
## Output variables. ##
## ----------------- ##

ACLOCAL='${SHELL} /home/gecko/src/daimonin_trunk/client/make/linux/make_utils/missing --run aclocal-1.10'
AMDEPBACKSLASH='\'
AMDEP_FALSE='#'
AMDEP_TRUE=''
AMTAR='${SHELL} /home/gecko/src/daimonin_trunk/client/make/linux/make_utils/missing --run tar'
AUTOCONF='${SHELL} /home/gecko/src/daimonin_trunk/client/make/linux/make_utils/missing --run autoconf'
AUTOHEADER='${SHELL} /home/gecko/src/daimonin_trunk/client/make/linux/make_utils/missing --run autoheader'
AUTOMAKE='${SHELL} /home/gecko/src/daimonin_trunk/client/make/linux/make_utils/missing --run automake-1.10'
AWK='gawk'
CC='gcc'
CCDEPMODE='depmode=gcc3'
CFLAGS='-g -O2'
CP='/bin/cp'
CPP='gcc -E'
CPPFLAGS=' -DSYSPATH="\"./\""'
CURL_LIBS='-lcurl'
CYGPATH_W='echo'
DEFS='-DHAVE_CONFIG_H'
DEPDIR='.deps'
ECHO_C=''
ECHO_N='-n'
ECHO_T=''
EGREP='/bin/grep -E'
EXEEXT=''
EXTRA_LIBS=''
GREP='/bin/grep'
INSTALL_DATA='${INSTALL} -m 644'
INSTALL_PROGRAM='${INSTALL}'
INSTALL_SCRIPT='${INSTALL}'
INSTALL_STRIP_PROGRAM='$(install_sh) -c -s'
LDFLAGS=''
LIBOBJS=''
LIBS=''
LTLIBOBJS=''
MAINT='#'
MAINTAINER_MODE_FALSE=''
MAINTAINER_MODE_TRUE='#'
MAKEINFO='${SHELL} /home/gecko/src/daimonin_trunk/client/make/linux/make_utils/missing --run makeinfo'
MKDIR='/bin/mkdir'
OBJEXT='o'
PACKAGE='daimonin'
PACKAGE_BUGREPORT='http://www.daimonin.net'
PACKAGE_NAME='Daimonin SDL Client'
PACKAGE_STRING='Daimonin SDL Client 0.9.7'
PACKAGE_TARNAME='daimonin-sdl-client'
PACKAGE_VERSION='0.9.7'
PATH_SEPARATOR=':'
PHYSFS_LIBS='-lphysfs'
RM='/bin/rm'
RMDIR='/bin/rmdir'
SDL_CFLAGS='-I/usr/include/SDL -D_GNU_SOURCE=1 -D_REENTRANT'
SDL_CONFIG='/usr/bin/sdl-config'
SDL_IMAGE_LIBS='-lSDL_image '
SDL_LIBS='-L/usr/lib -lSDL'
SDL_MIXER_LIBS='-lSDL_mixer'
SET_MAKE=''
SHELL='/bin/sh'
STRIP=''
VERSION='0.9.7'
ac_ct_CC='gcc'
am__fastdepCC_FALSE='#'
am__fastdepCC_TRUE=''
am__include='include'
am__isrc=''
am__leading_dot='.'
am__quote=''
am__tar='${AMTAR} chof - "$$tardir"'
am__untar='${AMTAR} xf -'
bindir='${exec_prefix}/bin'
build='i686-pc-linux-gnu'
build_alias=''
build_cpu='i686'
build_os='linux-gnu'
build_vendor='pc'
d_bindir='${prefix}/daimonin-0.9.7'
d_datadir='${prefix}/daimonin-0.9.7'
datadir='${datarootdir}'
datarootdir='${prefix}/share'
docdir='${datarootdir}/doc/${PACKAGE_TARNAME}'
dvidir='${docdir}'
exec_prefix='${prefix}'
host='i686-pc-linux-gnu'
host_alias=''
host_cpu='i686'
host_os='linux-gnu'
host_vendor='pc'
htmldir='${docdir}'
includedir='${prefix}/include'
infodir='${datarootdir}/info'
install_sh='$(SHELL) /home/gecko/src/daimonin_trunk/client/make/linux/make_utils/install-sh'
libdir='${exec_prefix}/lib'
libexecdir='${exec_prefix}/libexec'
localedir='${datarootdir}/locale'
localstatedir='${prefix}/var'
mandir='${datarootdir}/man'
mkdir_p='/bin/mkdir -p'
oldincludedir='/usr/include'
pdfdir='${docdir}'
prefix='/home/gecko'
program_transform_name='s,x,x,'
psdir='${docdir}'
sbindir='${exec_prefix}/sbin'
sharedstatedir='${prefix}/com'
sysconfdir='${prefix}/etc'
target='i686-pc-linux-gnu'
target_alias=''
target_cpu='i686'
target_os='linux-gnu'
target_vendor='pc'

## ----------- ##
## confdefs.h. ##
## ----------- ##

#define PACKAGE_NAME "Daimonin SDL Client"
#define PACKAGE_TARNAME "daimonin-sdl-client"
#define PACKAGE_VERSION "0.9.7"
#define PACKAGE_STRING "Daimonin SDL Client 0.9.7"
#define PACKAGE_BUGREPORT "http://www.daimonin.net"
#define PACKAGE "daimonin"
#define VERSION "0.9.7"
#define INSTALL_SOUND 1
#define __LINUX 1
#define STDC_HEADERS 1
#define HAVE_SYS_TYPES_H 1
#define HAVE_SYS_STAT_H 1
#define HAVE_STDLIB_H 1
#define HAVE_STRING_H 1
#define HAVE_MEMORY_H 1
#define HAVE_STRINGS_H 1
#define HAVE_INTTYPES_H 1
#define HAVE_STDINT_H 1
#define HAVE_UNISTD_H 1
#define WORDS_LITTLEENDIAN 1
#define SIZEOF_INT_P 4
#define TIME_WITH_SYS_TIME 1
#define HAVE_PTRDIFF_T 1
#define HAVE_STDLIB_H 1
#define HAVE_MALLOC 1
#define HAVE_SYS_SELECT_H 1
#define HAVE_SYS_SOCKET_H 1
#define SELECT_TYPE_ARG1 int
#define SELECT_TYPE_ARG234 (fd_set *)
#define SELECT_TYPE_ARG5 (struct timeval *)
#define HAVE_VPRINTF 1
#define HAVE_ATEXIT 1
#define HAVE_GETHOSTBYNAME 1
#define HAVE_MEMSET 1
#define HAVE_MODF 1
#define HAVE_SELECT 1
#define HAVE_SOCKET 1
#define HAVE_STRCASECMP 1
#define HAVE_STRCHR 1
#define HAVE_STRERROR 1
#define HAVE_STRNCASECMP 1
#define HAVE_STRRCHR 1
#define HAVE_STRSTR 1
#define HAVE_STRTOUL 1
#define HAVE_GETPWUID 1
#define STDC_HEADERS 1
#define HAVE_ARPA_INET_H 1
#define HAVE_FCNTL_H 1
#define HAVE_LIMITS_H 1
#define HAVE_MALLOC_H 1
#define HAVE_NETDB_H 1
#define HAVE_NETINET_IN_H 1
#define HAVE_STDDEF_H 1
#define HAVE_STDLIB_H 1
#define HAVE_STRING_H 1
#define HAVE_SYS_SOCKET_H 1
#define HAVE_SYS_TIME_H 1
#define HAVE_UNISTD_H 1
#define HAVE_PWD_H 1

configure: exit 0
